{
  "stats": {
    "suites": 1,
    "tests": 1,
    "passes": 1,
    "pending": 0,
    "failures": 0,
    "start": "2024-04-04T18:39:46.943Z",
    "end": "2024-04-04T18:39:59.533Z",
    "duration": 12590,
    "testsRegistered": 1,
    "passPercent": 100,
    "pendingPercent": 0,
    "other": 0,
    "hasOther": false,
    "skipped": 0,
    "hasSkipped": false
  },
  "results": [
    {
      "uuid": "c909f8db-19ae-4b4b-9648-8bdb107f01bb",
      "title": "",
      "fullFile": "cypress/integration/example/testFramework.js",
      "file": "cypress/integration/example/testFramework.js",
      "beforeHooks": [],
      "afterHooks": [],
      "tests": [],
      "suites": [
        {
          "uuid": "c531bdfe-6633-41a5-9ac8-2ce434219a55",
          "title": "Framework building",
          "fullFile": "",
          "file": "",
          "beforeHooks": [],
          "afterHooks": [],
          "tests": [
            {
              "title": "Test case 1",
              "fullTitle": "Framework building Test case 1",
              "timedOut": null,
              "duration": 10116,
              "state": "passed",
              "speed": "slow",
              "pass": true,
              "fail": false,
              "pending": false,
              "context": null,
              "code": "// defaultCommandTimeout is only applied to this spec file\n// Cypress.config('defaultCommandTimeout', 8000)\n// creating an object of homePage class.\nconst homePageObject = new _homePage.default();\nconst productPageObject = new _productsPage.default();\nconst checkoutPageObject = new _checkoutPage.default();\nconst deliveryAddressPageObject = new _deliveryAddressPage.default();\ncy.visit(Cypress.env('url') + \"/angularpractice\");\nhomePageObject.getNameEditBox().type(this.data.name);\nhomePageObject.selectGenderDropdown().select(this.data.gender);\nhomePageObject.getTwoWayDataBindingEditBox().should('have.value', this.data.name);\nhomePageObject.getNameEditBox().should('have.attr', 'minlength', '2');\nhomePageObject.getEntrepreneaur().should('be.disabled');\nhomePageObject.getShopTab().click();\n// using foreach loop to select all the products passed from custom comands added in commands.js\nthis.data.productName.forEach(element => cy.selectProduct(element));\nproductPageObject.getCheckoutButton().click();\n// Code to check the cost of all the product adds up to the Total displayed\nvar totalCostCal = 0;\nproductPageObject.getTheProductsCost().each(($e1, index, $list) => {\n  const productCost = $e1.text();\n  var resultProductCost = productCost.split(\" \");\n  resultProductCost = resultProductCost[1].trim();\n  totalCostCal = Number(totalCostCal) + Number(resultProductCost);\n}).then(function () {\n  cy.log(totalCostCal);\n});\n// Assertion to check the summed up cost equals total cost\nproductPageObject.getTotal().then(function (element) {\n  const totalBill = element.text();\n  var resultBill = totalBill.split(\" \");\n  resultBill = resultBill[1].trim();\n  expect(Number(resultBill)).to.equal(totalCostCal);\n});\ncheckoutPageObject.getCheckoutButton().click();\ndeliveryAddressPageObject.getCountryDropdownBox().type('India');\n// defaultCommandTimeout is only applied to this spec file\ncy.get('.suggestions > ul > li > a').click();\ndeliveryAddressPageObject.getTermsAndConditionsCheckbox().click({\n  force: true\n});\ndeliveryAddressPageObject.getPurchaseButton().click();\ndeliveryAddressPageObject.getTheSuccessText().then(function (element) {\n  const successText = element.text();\n  expect(successText.includes('Success!')).to.be.true;\n});",
              "err": {},
              "uuid": "16292532-c01f-4bff-8f4b-23de5d1c37af",
              "parentUUID": "c531bdfe-6633-41a5-9ac8-2ce434219a55",
              "isHook": false,
              "skipped": false
            }
          ],
          "suites": [],
          "passes": [
            "16292532-c01f-4bff-8f4b-23de5d1c37af"
          ],
          "failures": [],
          "pending": [],
          "skipped": [],
          "duration": 10116,
          "root": false,
          "rootEmpty": false,
          "_timeout": 2000
        }
      ],
      "passes": [],
      "failures": [],
      "pending": [],
      "skipped": [],
      "duration": 0,
      "root": true,
      "rootEmpty": true,
      "_timeout": 2000
    }
  ],
  "meta": {
    "mocha": {
      "version": "7.0.1"
    },
    "mochawesome": {
      "options": {
        "quiet": false,
        "reportFilename": "mochawesome",
        "saveHtml": true,
        "saveJson": true,
        "consoleReporter": "spec",
        "useInlineDiffs": false,
        "code": true
      },
      "version": "7.1.3"
    },
    "marge": {
      "options": null,
      "version": "6.2.0"
    }
  }
}